<?xml version="1.0" encoding="UTF-8"?>
<!-- Generated by org.testng.reporters.JUnitReportReporter -->
<testsuite skipped="0" hostname="LAPTOP-OS0IQ9JL" name="restAssuredAutomationProject.TC_002_POST_Request" tests="1" failures="0" timestamp="2020-09-02T14:59:42 IST" time="2.212" errors="0">
  <testcase name="GET" time="2.212" classname="restAssuredAutomationProject.TC_002_POST_Request"/>
  <system-out/>
</testsuite> <!-- restAssuredAutomationProject.TC_002_POST_Request -->
